#
# There is insufficient memory for the Java Runtime Environment to continue.
# Native memory allocation (malloc) failed to allocate 32744 bytes for ChunkPool::allocate
# Possible reasons:
#   The system is out of physical RAM or swap space
#   In 32 bit mode, the process size limit was hit
# Possible solutions:
#   Reduce memory load on the system
#   Increase physical memory or swap space
#   Check if swap backing store is full
#   Use 64 bit Java on a 64 bit OS
#   Decrease Java heap size (-Xmx/-Xms)
#   Decrease number of Java threads
#   Decrease Java thread stack sizes (-Xss)
#   Set larger code cache with -XX:ReservedCodeCacheSize=
# This output file may be truncated or incomplete.
#
#  Out of Memory Error (allocation.cpp:273), pid=3976, tid=0x0000000000001094
#
# JRE version: OpenJDK Runtime Environment (8.0_152-b02) (build 1.8.0_152-release-1024-b02)
# Java VM: OpenJDK 64-Bit Server VM (25.152-b02 mixed mode windows-amd64 compressed oops)
# Failed to write core dump. Minidumps are not enabled by default on client versions of Windows
#

---------------  T H R E A D  ---------------

Current thread (0x0000000018239000):  JavaThread "C2 CompilerThread0" daemon [_thread_in_native, id=4244, stack(0x00000000198a0000,0x00000000199a0000)]

Stack: [0x00000000198a0000,0x00000000199a0000]
[error occurred during error reporting (printing stack bounds), id 0xc0000005]

Native frames: (J=compiled Java code, j=interpreted, Vv=VM code, C=native code)


Current CompileTask:
C2:34622641 60071       4       com.android.tools.r8.graph.DexType::collectIndexedItems (22 bytes)


---------------  P R O C E S S  ---------------

Java Threads: ( => current thread )
  0x00000000211a8000 JavaThread "ForkJoinPool-139-worker-0" daemon [_thread_in_Java, id=6184, stack(0x000000007e8f0000,0x000000007e9f0000)]
  0x0000000023ed6000 JavaThread "ForkJoinPool-139-worker-1" daemon [_thread_blocked, id=5280, stack(0x000000007e7f0000,0x000000007e8f0000)]
  0x000000002fbdb800 JavaThread "ForkJoinPool.commonPool-worker-0" daemon [_thread_blocked, id=632, stack(0x000000007e6f0000,0x000000007e7f0000)]
  0x000000002fbde000 JavaThread "ForkJoinPool.commonPool-worker-7" daemon [_thread_blocked, id=5460, stack(0x000000007e5f0000,0x000000007e6f0000)]
  0x000000002fbdb000 JavaThread "ForkJoinPool.commonPool-worker-14" daemon [_thread_blocked, id=4472, stack(0x000000007e4f0000,0x000000007e5f0000)]
  0x000000002fbd3800 JavaThread "Cache worker for Java compile cache (C:\Users\Noutbuker\AndroidStudioProjects\Cit_mich2\.gradle\4.4\javaCompile)" [_thread_blocked, id=2968, stack(0x000000007e3f0000,0x000000007e4f0000)]
  0x000000002fbda000 JavaThread "RMI TCP Connection(287)-127.0.0.1" daemon [_thread_in_native, id=9008, stack(0x000000007e2f0000,0x000000007e3f0000)]
  0x000000002fbd8800 JavaThread "RMI TCP Connection(288)-127.0.0.1" daemon [_thread_in_native, id=5600, stack(0x000000007e1f0000,0x000000007e2f0000)]
  0x000000002fbd4000 JavaThread "RMI TCP Connection(289)-127.0.0.1" daemon [_thread_in_native, id=1420, stack(0x000000007e0f0000,0x000000007e1f0000)]
  0x000000002fbd8000 JavaThread "RMI TCP Connection(290)-127.0.0.1" daemon [_thread_in_native, id=3744, stack(0x000000007dff0000,0x000000007e0f0000)]
  0x000000002fbd0800 JavaThread "RMI TCP Connection(286)-127.0.0.1" daemon [_thread_in_native, id=8384, stack(0x000000007def0000,0x000000007dff0000)]
  0x000000002fbd2000 JavaThread "RMI TCP Accept-0" daemon [_thread_in_native, id=7284, stack(0x000000007ddf0000,0x000000007def0000)]
  0x000000002fbd2800 JavaThread "Task worker for ':' Thread 3" [_thread_blocked, id=8032, stack(0x000000007c1f0000,0x000000007c2f0000)]
  0x000000002fbcf800 JavaThread "Task worker for ':' Thread 2" [_thread_blocked, id=808, stack(0x000000007c0f0000,0x000000007c1f0000)]
  0x000000002fbd1000 JavaThread "Task worker for ':'" [_thread_blocked, id=1592, stack(0x000000007bff0000,0x000000007c0f0000)]
  0x00000000382d3000 JavaThread "Cache worker for Build Output Cleanup Cache (C:\Users\Noutbuker\AndroidStudioProjects\Cit_mich2\.gradle\buildOutputCleanup)" [_thread_blocked, id=8628, stack(0x000000007bef0000,0x000000007bff0000)]
  0x00000000382d2000 JavaThread "Cache worker for task history cache (C:\Users\Noutbuker\AndroidStudioProjects\Cit_mich2\.gradle\4.4\taskHistory)" [_thread_blocked, id=8896, stack(0x000000007bdf0000,0x000000007bef0000)]
  0x00000000382d7800 JavaThread "Cache worker for file content cache (C:\Users\Noutbuker\AndroidStudioProjects\Cit_mich2\.gradle\4.4\fileContent)" [_thread_blocked, id=6968, stack(0x000000007bcf0000,0x000000007bdf0000)]
  0x00000000382d6800 JavaThread "build operations Thread 4" [_thread_blocked, id=7876, stack(0x000000007bbf0000,0x000000007bcf0000)]
  0x00000000382d6000 JavaThread "build operations Thread 3" [_thread_blocked, id=4060, stack(0x000000007baf0000,0x000000007bbf0000)]
  0x00000000382d0800 JavaThread "build operations Thread 2" [_thread_blocked, id=6436, stack(0x000000007b9f0000,0x000000007baf0000)]
  0x00000000382d3800 JavaThread "build operations" [_thread_blocked, id=8924, stack(0x000000007b8f0000,0x000000007b9f0000)]
  0x00000000382d1800 JavaThread "Cache worker for Artifact transforms cache (C:\Users\Noutbuker\.gradle\caches\transforms-1)" [_thread_blocked, id=6848, stack(0x000000007b7f0000,0x000000007b8f0000)]
  0x00000000382c8800 JavaThread "Cache worker for file hash cache (C:\Users\Noutbuker\AndroidStudioProjects\Cit_mich2\.gradle\4.4\fileHashes)" [_thread_blocked, id=6376, stack(0x000000007b6f0000,0x000000007b7f0000)]
  0x00000000382cf000 JavaThread "Stdin handler" [_thread_blocked, id=6776, stack(0x000000007b5f0000,0x000000007b6f0000)]
  0x00000000382cd800 JavaThread "Asynchronous log dispatcher for DefaultDaemonConnection: socket connection from /127.0.0.1:32364 to /127.0.0.1:56827" [_thread_blocked, id=2056, stack(0x000000007b4f0000,0x000000007b5f0000)]
  0x00000000382cc000 JavaThread "Daemon worker Thread 58" [_thread_blocked, id=1084, stack(0x000000007b3f0000,0x000000007b4f0000)]
  0x00000000382ca800 JavaThread "Cancel handler" [_thread_blocked, id=2088, stack(0x000000007b2f0000,0x000000007b3f0000)]
  0x00000000382ce800 JavaThread "Handler for socket connection from /127.0.0.1:32364 to /127.0.0.1:56827" [_thread_in_native, id=8668, stack(0x000000007b1f0000,0x000000007b2f0000)]
  0x00000000382ca000 JavaThread "Daemon Thread 58" [_thread_blocked, id=7060, stack(0x000000007b0f0000,0x000000007b1f0000)]
  0x00000000382c9000 JavaThread "RMI TCP Connection(285)-127.0.0.1" daemon [_thread_in_native, id=3964, stack(0x000000007aff0000,0x000000007b0f0000)]
  0x000000002fbde800 JavaThread "pool-383-thread-1" [_thread_blocked, id=5060, stack(0x00000000797f0000,0x00000000798f0000)]
  0x000000002fbd9800 JavaThread "pool-382-thread-1" [_thread_blocked, id=2648, stack(0x0000000078bf0000,0x0000000078cf0000)]
  0x0000000023ece800 JavaThread "RMI TCP Accept-0" daemon [_thread_in_native, id=4204, stack(0x0000000054b00000,0x0000000054c00000)]
  0x0000000023ed7800 JavaThread "pool-325-thread-1" [_thread_blocked, id=7440, stack(0x000000004f600000,0x000000004f700000)]
  0x0000000023ed6800 JavaThread "pool-324-thread-1" [_thread_blocked, id=1300, stack(0x000000004eb00000,0x000000004ec00000)]
  0x0000000023ecb800 JavaThread "RMI TCP Accept-0" daemon [_thread_in_native, id=4248, stack(0x0000000071700000,0x0000000071800000)]
  0x00000000211b1000 JavaThread "pool-269-thread-1" [_thread_blocked, id=1372, stack(0x000000006df00000,0x000000006e000000)]
  0x000000002904d800 JavaThread "pool-268-thread-1" [_thread_blocked, id=3176, stack(0x000000006d400000,0x000000006d500000)]
  0x00000000211aa000 JavaThread "pool-265-thread-1" [_thread_blocked, id=2248, stack(0x000000006a100000,0x000000006a200000)]
  0x000000002904a800 JavaThread "pool-264-thread-1" [_thread_blocked, id=852, stack(0x0000000069600000,0x0000000069700000)]
  0x00000000211ae000 JavaThread "pool-261-thread-1" [_thread_blocked, id=6204, stack(0x0000000066000000,0x0000000066100000)]
  0x0000000029050000 JavaThread "pool-260-thread-1" [_thread_blocked, id=2844, stack(0x0000000065300000,0x0000000065400000)]
  0x000000001b913800 JavaThread "Java2D Disposer" daemon [_thread_blocked, id=2144, stack(0x0000000062f00000,0x0000000063000000)]
  0x000000002904f000 JavaThread "pool-257-thread-1" [_thread_blocked, id=8540, stack(0x0000000061d00000,0x0000000061e00000)]
  0x0000000029048800 JavaThread "pool-256-thread-1" [_thread_blocked, id=1748, stack(0x0000000061200000,0x0000000061300000)]
  0x0000000021882800 JavaThread "RMI TCP Accept-0" daemon [_thread_in_native, id=7908, stack(0x0000000030900000,0x0000000030a00000)]
  0x00000000211b3000 JavaThread "pool-199-thread-1" [_thread_blocked, id=6920, stack(0x000000002cf00000,0x000000002d000000)]
  0x00000000211af800 JavaThread "pool-198-thread-1" [_thread_blocked, id=4684, stack(0x000000002c300000,0x000000002c400000)]
  0x000000001b907800 JavaThread "RMI Reaper" [_thread_blocked, id=7888, stack(0x000000004af00000,0x000000004b000000)]
  0x000000001b90b000 JavaThread "GC Daemon" daemon [_thread_blocked, id=1752, stack(0x000000004ae00000,0x000000004af00000)]
  0x000000001b90c000 JavaThread "RMI TCP Accept-0" daemon [_thread_in_native, id=5976, stack(0x0000000026960000,0x0000000026a60000)]
  0x000000001b912000 JavaThread "RMI Scheduler(0)" daemon [_thread_blocked, id=5952, stack(0x0000000026660000,0x0000000026760000)]
  0x000000001b90e000 JavaThread "Memory manager" [_thread_blocked, id=6572, stack(0x0000000022b40000,0x0000000022c40000)]
  0x000000001b906800 JavaThread "pool-1-thread-1" [_thread_blocked, id=8316, stack(0x0000000022840000,0x0000000022940000)]
  0x000000001b3f9800 JavaThread "File lock request listener" [_thread_in_native, id=6828, stack(0x000000001ccf0000,0x000000001cdf0000)]
  0x000000001b004800 JavaThread "Cache worker for file hash cache (C:\Users\Noutbuker\.gradle\caches\4.4\fileHashes)" [_thread_blocked, id=5928, stack(0x000000001cbf0000,0x000000001ccf0000)]
  0x000000001b3a5000 JavaThread "Daemon periodic checks" [_thread_blocked, id=5552, stack(0x000000001c0f0000,0x000000001c1f0000)]
  0x000000001a722800 JavaThread "Incoming local TCP Connector on port 32364" [_thread_in_native, id=4032, stack(0x000000001beb0000,0x000000001bfb0000)]
  0x000000001829e000 JavaThread "Service Thread" daemon [_thread_blocked, id=4904, stack(0x0000000019fa0000,0x000000001a0a0000)]
  0x0000000018240800 JavaThread "C1 CompilerThread2" daemon [_thread_blocked, id=4468, stack(0x0000000019aa0000,0x0000000019ba0000)]
  0x000000001823d800 JavaThread "C2 CompilerThread1" daemon [_thread_in_native, id=2036, stack(0x00000000199a0000,0x0000000019aa0000)]
=>0x0000000018239000 JavaThread "C2 CompilerThread0" daemon [_thread_in_native, id=4244, stack(0x00000000198a0000,0x00000000199a0000)]
  0x0000000018238000 JavaThread "Attach Listener" daemon [_thread_blocked, id=6424, stack(0x00000000197a0000,0x00000000198a0000)]
  0x0000000018246800 JavaThread "Signal Dispatcher" daemon [_thread_blocked, id=5004, stack(0x00000000196a0000,0x00000000197a0000)]
  0x000000000478c000 JavaThread "Finalizer" daemon [_thread_blocked, id=8680, stack(0x00000000194a0000,0x00000000195a0000)]
  0x0000000004780800 JavaThread "Reference Handler" daemon [_thread_blocked, id=5480, stack(0x00000000193a0000,0x00000000194a0000)]
  0x00000000049cd800 JavaThread "main" [_thread_blocked, id=1004, stack(0x0000000002de0000,0x0000000002ee0000)]

Other Threads:
  0x0000000018205800 VMThread [stack: 0x00000000192a0000,0x00000000193a0000] [id=3168]
  0x0000000019be3800 WatcherThread [stack: 0x000000001a0a0000,0x000000001a1a0000] [id=2536]

VM state:not at safepoint (normal execution)

VM Mutex/Monitor currently owned by a thread: None

Heap:
 PSYoungGen      total 397312K, used 282727K [0x00000000e0000000, 0x0000000100000000, 0x0000000100000000)
  eden space 323584K, 64% used [0x00000000e0000000,0x00000000ecc8fdf8,0x00000000f3c00000)
  from space 73728K, 99% used [0x00000000f3c00000,0x00000000f838a108,0x00000000f8400000)
  to   space 103936K, 0% used [0x00000000f9a80000,0x00000000f9a80000,0x0000000100000000)
 ParOldGen       total 317440K, used 99355K [0x00000000a0000000, 0x00000000b3600000, 0x00000000e0000000)
  object space 317440K, 31% used [0x00000000a0000000,0x00000000a6106f78,0x00000000b3600000)
 Metaspace       used 388438K, capacity 421022K, committed 421324K, reserved 1413120K
  class space    used 49633K, capacity 56756K, committed 56832K, reserved 1048576K

Card table byte_map: [0x0000000013d90000,0x00000000140a0000] byte_map_base: 0x0000000013890000

Marking Bits: (ParMarkBitMap*) 0x0000000074384970
 Begin Bits: [0x00000000145a0000, 0x0000000015da0000)
 End Bits:   [0x0000000015da0000, 0x00000000175a0000)

Polling page: 0x00000000005d0000

CodeCache: size=245760Kb used=157835Kb max_used=157846Kb free=87924Kb
 bounds [0x00000000049d0000, 0x000000000e4f0000, 0x00000000139d0000]
 total_blobs=47461 nmethods=46419 adapters=951
 compilation: enabled

Compilation events (10 events):
Event: 34614.844 Thread 0x0000000018239000 60096       4       com.android.tools.r8.it.unimi.dsi.fastutil.objects.Reference2IntArrayMap::getInt (36 bytes)
Event: 34614.845 Thread 0x0000000018240800 nmethod 60101 0x000000000e4e2190 code [0x000000000e4e2300, 0x000000000e4e2488]
Event: 34614.845 Thread 0x0000000018240800 60103       3       com.android.tools.r8.it.unimi.dsi.fastutil.objects.Reference2IntArrayMap::put (172 bytes)
Event: 34614.846 Thread 0x0000000018239000 nmethod 60096 0x000000000e4e0850 code [0x000000000e4e09a0, 0x000000000e4e0af8]
Event: 34614.846 Thread 0x0000000018240800 nmethod 60103 0x000000000e4df990 code [0x000000000e4dfb60, 0x000000000e4e0388]
Event: 34614.846 Thread 0x0000000018239000 60102       4       com.android.tools.r8.it.unimi.dsi.fastutil.objects.Reference2IntArrayMap::findKey (28 bytes)
Event: 34614.848 Thread 0x0000000018239000 nmethod 60102 0x000000000e4c9550 code [0x000000000e4c9680, 0x000000000e4c9738]
Event: 34614.848 Thread 0x0000000018239000 60071       4       com.android.tools.r8.graph.DexType::collectIndexedItems (22 bytes)
Event: 34614.899 Thread 0x0000000018240800 60105       1       com.android.tools.r8.graph.DexProgramClass::asProgramClass (2 bytes)
Event: 34614.900 Thread 0x0000000018240800 nmethod 60105 0x000000000e4e1ed0 code [0x000000000e4e2020, 0x000000000e4e2130]

GC Heap History (10 events):
Event: 33819.663 GC heap before
{Heap before GC invocations=114 (full 13):
 PSYoungGen      total 399872K, used 359158K [0x00000000e0000000, 0x00000000ff180000, 0x0000000100000000)
  eden space 310784K, 100% used [0x00000000e0000000,0x00000000f2f80000,0x00000000f2f80000)
  from space 89088K, 54% used [0x00000000f9a80000,0x00000000fc9bd8f0,0x00000000ff180000)
  to   space 99328K, 0% used [0x00000000f2f80000,0x00000000f2f80000,0x00000000f9080000)
 ParOldGen       total 317440K, used 99315K [0x00000000a0000000, 0x00000000b3600000, 0x00000000e0000000)
  object space 317440K, 31% used [0x00000000a0000000,0x00000000a60fcf78,0x00000000b3600000)
 Metaspace       used 343566K, capacity 371684K, committed 371788K, reserved 1372160K
  class space    used 43708K, capacity 49999K, committed 50048K, reserved 1048576K
Event: 33819.715 GC heap after
Heap after GC invocations=114 (full 13):
 PSYoungGen      total 410112K, used 47843K [0x00000000e0000000, 0x00000000ffb00000, 0x0000000100000000)
  eden space 310784K, 0% used [0x00000000e0000000,0x00000000e0000000,0x00000000f2f80000)
  from space 99328K, 48% used [0x00000000f2f80000,0x00000000f5e38d20,0x00000000f9080000)
  to   space 95232K, 0% used [0x00000000f9e00000,0x00000000f9e00000,0x00000000ffb00000)
 ParOldGen       total 317440K, used 99323K [0x00000000a0000000, 0x00000000b3600000, 0x00000000e0000000)
  object space 317440K, 31% used [0x00000000a0000000,0x00000000a60fef78,0x00000000b3600000)
 Metaspace       used 343566K, capacity 371684K, committed 371788K, reserved 1372160K
  class space    used 43708K, capacity 49999K, committed 50048K, reserved 1048576K
}
Event: 34131.892 GC heap before
{Heap before GC invocations=115 (full 13):
 PSYoungGen      total 410112K, used 358627K [0x00000000e0000000, 0x00000000ffb00000, 0x0000000100000000)
  eden space 310784K, 100% used [0x00000000e0000000,0x00000000f2f80000,0x00000000f2f80000)
  from space 99328K, 48% used [0x00000000f2f80000,0x00000000f5e38d20,0x00000000f9080000)
  to   space 95232K, 0% used [0x00000000f9e00000,0x00000000f9e00000,0x00000000ffb00000)
 ParOldGen       total 317440K, used 99323K [0x00000000a0000000, 0x00000000b3600000, 0x00000000e0000000)
  object space 317440K, 31% used [0x00000000a0000000,0x00000000a60fef78,0x00000000b3600000)
 Metaspace       used 344114K, capacity 372884K, committed 373068K, reserved 1372160K
  class space    used 43810K, capacity 50227K, committed 50304K, reserved 1048576K
Event: 34131.948 GC heap after
Heap after GC invocations=115 (full 13):
 PSYoungGen      total 409600K, used 48255K [0x00000000e0000000, 0x00000000ff000000, 0x0000000100000000)
  eden space 325632K, 0% used [0x00000000e0000000,0x00000000e0000000,0x00000000f3e00000)
  from space 83968K, 57% used [0x00000000f9e00000,0x00000000fcd1fd00,0x00000000ff000000)
  to   space 91136K, 0% used [0x00000000f3e00000,0x00000000f3e00000,0x00000000f9700000)
 ParOldGen       total 317440K, used 99331K [0x00000000a0000000, 0x00000000b3600000, 0x00000000e0000000)
  object space 317440K, 31% used [0x00000000a0000000,0x00000000a6100f78,0x00000000b3600000)
 Metaspace       used 344114K, capacity 372884K, committed 373068K, reserved 1372160K
  class space    used 43810K, capacity 50227K, committed 50304K, reserved 1048576K
}
Event: 34285.145 GC heap before
{Heap before GC invocations=116 (full 13):
 PSYoungGen      total 409600K, used 373887K [0x00000000e0000000, 0x00000000ff000000, 0x0000000100000000)
  eden space 325632K, 100% used [0x00000000e0000000,0x00000000f3e00000,0x00000000f3e00000)
  from space 83968K, 57% used [0x00000000f9e00000,0x00000000fcd1fd00,0x00000000ff000000)
  to   space 91136K, 0% used [0x00000000f3e00000,0x00000000f3e00000,0x00000000f9700000)
 ParOldGen       total 317440K, used 99331K [0x00000000a0000000, 0x00000000b3600000, 0x00000000e0000000)
  object space 317440K, 31% used [0x00000000a0000000,0x00000000a6100f78,0x00000000b3600000)
 Metaspace       used 356874K, capacity 386626K, committed 386764K, reserved 1384448K
  class space    used 45592K, capacity 52190K, committed 52224K, reserved 1048576K
Event: 34285.232 GC heap after
Heap after GC invocations=116 (full 13):
 PSYoungGen      total 416768K, used 70886K [0x00000000e0000000, 0x0000000100000000, 0x0000000100000000)
  eden space 325632K, 0% used [0x00000000e0000000,0x00000000e0000000,0x00000000f3e00000)
  from space 91136K, 77% used [0x00000000f3e00000,0x00000000f8339a88,0x00000000f9700000)
  to   space 96256K, 0% used [0x00000000fa200000,0x00000000fa200000,0x0000000100000000)
 ParOldGen       total 317440K, used 99339K [0x00000000a0000000, 0x00000000b3600000, 0x00000000e0000000)
  object space 317440K, 31% used [0x00000000a0000000,0x00000000a6102f78,0x00000000b3600000)
 Metaspace       used 356874K, capacity 386626K, committed 386764K, reserved 1384448K
  class space    used 45592K, capacity 52190K, committed 52224K, reserved 1048576K
}
Event: 34597.959 GC heap before
{Heap before GC invocations=117 (full 13):
 PSYoungGen      total 416768K, used 396518K [0x00000000e0000000, 0x0000000100000000, 0x0000000100000000)
  eden space 325632K, 100% used [0x00000000e0000000,0x00000000f3e00000,0x00000000f3e00000)
  from space 91136K, 77% used [0x00000000f3e00000,0x00000000f8339a88,0x00000000f9700000)
  to   space 96256K, 0% used [0x00000000fa200000,0x00000000fa200000,0x0000000100000000)
 ParOldGen       total 317440K, used 99339K [0x00000000a0000000, 0x00000000b3600000, 0x00000000e0000000)
  object space 317440K, 31% used [0x00000000a0000000,0x00000000a6102f78,0x00000000b3600000)
 Metaspace       used 375460K, capacity 406498K, committed 406732K, reserved 1400832K
  class space    used 47896K, capacity 54773K, committed 54784K, reserved 1048576K
Event: 34598.040 GC heap after
Heap after GC invocations=117 (full 13):
 PSYoungGen      total 419840K, used 73014K [0x00000000e0000000, 0x0000000100000000, 0x0000000100000000)
  eden space 323584K, 0% used [0x00000000e0000000,0x00000000e0000000,0x00000000f3c00000)
  from space 96256K, 75% used [0x00000000fa200000,0x00000000fe94db90,0x0000000100000000)
  to   space 100352K, 0% used [0x00000000f3c00000,0x00000000f3c00000,0x00000000f9e00000)
 ParOldGen       total 317440K, used 99347K [0x00000000a0000000, 0x00000000b3600000, 0x00000000e0000000)
  object space 317440K, 31% used [0x00000000a0000000,0x00000000a6104f78,0x00000000b3600000)
 Metaspace       used 375460K, capacity 406498K, committed 406732K, reserved 1400832K
  class space    used 47896K, capacity 54773K, committed 54784K, reserved 1048576K
}
Event: 34612.175 GC heap before
{Heap before GC invocations=118 (full 13):
 PSYoungGen      total 419840K, used 396598K [0x00000000e0000000, 0x0000000100000000, 0x0000000100000000)
  eden space 323584K, 100% used [0x00000000e0000000,0x00000000f3c00000,0x00000000f3c00000)
  from space 96256K, 75% used [0x00000000fa200000,0x00000000fe94db90,0x0000000100000000)
  to   space 100352K, 0% used [0x00000000f3c00000,0x00000000f3c00000,0x00000000f9e00000)
 ParOldGen       total 317440K, used 99347K [0x00000000a0000000, 0x00000000b3600000, 0x00000000e0000000)
  object space 317440K, 31% used [0x00000000a0000000,0x00000000a6104f78,0x00000000b3600000)
 Metaspace       used 385219K, capacity 417390K, committed 417612K, reserved 1411072K
  class space    used 49310K, capacity 56386K, committed 56448K, reserved 1048576K
Event: 34612.249 GC heap after
Heap after GC invocations=118 (full 13):
 PSYoungGen      total 397312K, used 73256K [0x00000000e0000000, 0x0000000100000000, 0x0000000100000000)
  eden space 323584K, 0% used [0x00000000e0000000,0x00000000e0000000,0x00000000f3c00000)
  from space 73728K, 99% used [0x00000000f3c00000,0x00000000f838a108,0x00000000f8400000)
  to   space 103936K, 0% used [0x00000000f9a80000,0x00000000f9a80000,0x0000000100000000)
 ParOldGen       total 317440K, used 99355K [0x00000000a0000000, 0x00000000b3600000, 0x00000000e0000000)
  object space 317440K, 31% used [0x00000000a0000000,0x00000000a6106f78,0x00000000b3600000)
 Metaspace       used 385219K, capacity 417390K, committed 417612K, reserved 1411072K
  class space    used 49310K, capacity 56386K, committed 56448K, reserved 1048576K
}

Deoptimization events (10 events):
Event: 34613.186 Thread 0x000000002fbde000 Uncommon trap: reason=unstable_if action=reinterpret pc=0x000000000e1dbe6c method=com.android.tools.r8.ir.optimize.MoveEliminator.shouldBeEliminated(Lcom/android/tools/r8/ir/code/Instruction;)Z @ 148
Event: 34613.400 Thread 0x000000002fbdb800 Uncommon trap: reason=unstable_if action=reinterpret pc=0x000000000df719bc method=com.android.tools.r8.org.objectweb.asm.ClassReader.readUTF(II[C)Ljava/lang/String; @ 77
Event: 34613.400 Thread 0x000000002fbdb800 Uncommon trap: reason=unstable_if action=reinterpret pc=0x000000000df6d870 method=com.android.tools.r8.graph.DexString.countBytes(Ljava/lang/String;)I @ 19
Event: 34613.509 Thread 0x000000002fbdb800 Uncommon trap: reason=unstable_if action=reinterpret pc=0x000000000e2a835c method=com.android.tools.r8.graph.DexString.slowCompareTo(Lcom/android/tools/r8/graph/DexString;)I @ 54
Event: 34613.543 Thread 0x000000002fbdb800 Uncommon trap: reason=unstable_if action=reinterpret pc=0x000000000df703bc method=com.android.tools.r8.org.objectweb.asm.ClassReader.readUTF(II[C)Ljava/lang/String; @ 77
Event: 34613.543 Thread 0x000000002fbdb800 Uncommon trap: reason=unstable_if action=reinterpret pc=0x000000000df72710 method=com.android.tools.r8.graph.DexString.countBytes(Ljava/lang/String;)I @ 19
Event: 34613.914 Thread 0x00000000382cc000 Uncommon trap: reason=unstable_if action=reinterpret pc=0x000000000e3944c0 method=com.android.tools.r8.utils.LebUtils.parseUleb128(Lcom/android/tools/r8/dex/BaseFile;)I @ 27
Event: 34614.437 Thread 0x00000000382cc000 Uncommon trap: reason=unstable_if action=reinterpret pc=0x000000000e379c24 method=com.android.tools.r8.graph.DexString.slowCompareTo(Lcom/android/tools/r8/graph/DexString;)I @ 80
Event: 34614.437 Thread 0x00000000382cc000 Uncommon trap: reason=unstable_if action=reinterpret pc=0x000000000e403658 method=com.android.tools.r8.graph.DexString.slowCompareTo(Lcom/android/tools/r8/graph/DexString;)I @ 80
Event: 34614.746 Thread 0x00000000382cc000 Uncommon trap: reason=unstable_if action=reinterpret pc=0x000000000e4cbd24 method=com.android.tools.r8.graph.DexCode.collectIndexedItems(Lcom/android/tools/r8/dex/IndexedItemCollection;)V @ 39

Classes redefined (0 events):
No events

Internal exceptions (10 events):
Event: 34611.767 Thread 0x00000000382cc000 Exception <a 'sun/nio/fs/WindowsException'> (0x00000000f2026b20) thrown at [D:\src\AOSP-openjdk-cygwin\jdk8u\hotspot\src\share\vm\prims\jni.cpp, line 709]
Event: 34611.767 Thread 0x00000000382cc000 Exception <a 'sun/nio/fs/WindowsException'> (0x00000000f2027758) thrown at [D:\src\AOSP-openjdk-cygwin\jdk8u\hotspot\src\share\vm\prims\jni.cpp, line 709]
Event: 34611.767 Thread 0x00000000382cc000 Exception <a 'sun/nio/fs/WindowsException'> (0x00000000f2029828) thrown at [D:\src\AOSP-openjdk-cygwin\jdk8u\hotspot\src\share\vm\prims\jni.cpp, line 709]
Event: 34611.790 Thread 0x000000002fbdb000 Exception <a 'java/lang/NoSuchMethodError': java.lang.Object.lambda$static$0(Ljava/lang/String;)Z> (0x00000000f2253868) thrown at [D:\src\AOSP-openjdk-cygwin\jdk8u\hotspot\src\share\vm\interpreter\linkResolver.cpp, line 584]
Event: 34613.399 Thread 0x000000002fbdb800 Exception <a 'sun/nio/fs/WindowsException'> (0x00000000e426b118) thrown at [D:\src\AOSP-openjdk-cygwin\jdk8u\hotspot\src\share\vm\prims\jni.cpp, line 709]
Event: 34613.516 Thread 0x000000002fbdb800 Exception <a 'sun/nio/fs/WindowsException'> (0x00000000e4df9ad8) thrown at [D:\src\AOSP-openjdk-cygwin\jdk8u\hotspot\src\share\vm\prims\jni.cpp, line 709]
Event: 34613.543 Thread 0x000000002fbdb800 Exception <a 'sun/nio/fs/WindowsException'> (0x00000000e4fc87a0) thrown at [D:\src\AOSP-openjdk-cygwin\jdk8u\hotspot\src\share\vm\prims\jni.cpp, line 709]
Event: 34613.643 Thread 0x000000002fbdb800 Exception <a 'sun/nio/fs/WindowsException'> (0x00000000e54f1090) thrown at [D:\src\AOSP-openjdk-cygwin\jdk8u\hotspot\src\share\vm\prims\jni.cpp, line 709]
Event: 34613.852 Thread 0x00000000382cc000 Exception <a 'sun/nio/fs/WindowsException'> (0x00000000e69920b0) thrown at [D:\src\AOSP-openjdk-cygwin\jdk8u\hotspot\src\share\vm\prims\jni.cpp, line 709]
Event: 34614.746 Thread 0x00000000382cc000 Implicit null exception at 0x000000000e4cb789 to 0x000000000e4cbd11

Events (10 events):
Event: 34614.847 Thread 0x00000000211a8000 DEOPT PACKING pc=0x000000000e4d1e93 sp=0x000000007e9eed40
Event: 34614.847 Thread 0x00000000211a8000 DEOPT UNPACKING pc=0x0000000004a175d0 sp=0x000000007e9eea40 mode 0
Event: 34614.847 Thread 0x00000000211a8000 DEOPT PACKING pc=0x000000000e4d1e93 sp=0x000000007e9eed40
Event: 34614.847 Thread 0x00000000211a8000 DEOPT UNPACKING pc=0x0000000004a175d0 sp=0x000000007e9eea40 mode 0
Event: 34614.847 Thread 0x00000000211a8000 DEOPT PACKING pc=0x000000000e4d1e93 sp=0x000000007e9eecf0
Event: 34614.847 Thread 0x00000000211a8000 DEOPT UNPACKING pc=0x0000000004a175d0 sp=0x000000007e9ee9f0 mode 0
Event: 34614.848 Thread 0x00000000211a8000 DEOPT PACKING pc=0x000000000e4d1e93 sp=0x000000007e9eed40
Event: 34614.848 Thread 0x00000000211a8000 DEOPT UNPACKING pc=0x0000000004a175d0 sp=0x000000007e9eea40 mode 0
Event: 34614.848 Thread 0x00000000211a8000 DEOPT PACKING pc=0x000000000e4d1e93 sp=0x000000007e9eed40
Event: 34614.848 Thread 0x00000000211a8000 DEOPT UNPACKING pc=0x0000000004a175d0 sp=0x000000007e9eea40 mode 0


Dynamic libraries:
0x00007ff7bd970000 - 0x00007ff7bd9a1000 	C:\Users\Noutbuker\Desktop\android-studio\jre\bin\java.exe
0x00007ffc96560000 - 0x00007ffc96740000 	C:\Windows\SYSTEM32\ntdll.dll
0x00007ffc93d00000 - 0x00007ffc93dae000 	C:\Windows\System32\KERNEL32.DLL
0x00007ffc92c00000 - 0x00007ffc92e66000 	C:\Windows\System32\KERNELBASE.dll
0x00007ffc94400000 - 0x00007ffc944a1000 	C:\Windows\System32\ADVAPI32.dll
0x00007ffc94a70000 - 0x00007ffc94b0d000 	C:\Windows\System32\msvcrt.dll
0x00007ffc944b0000 - 0x00007ffc9450b000 	C:\Windows\System32\sechost.dll
0x00007ffc94b30000 - 0x00007ffc94c4f000 	C:\Windows\System32\RPCRT4.dll
0x00007ffc94510000 - 0x00007ffc9469f000 	C:\Windows\System32\USER32.dll
0x00007ffc93a10000 - 0x00007ffc93a30000 	C:\Windows\System32\win32u.dll
0x00007ffc93cd0000 - 0x00007ffc93cf8000 	C:\Windows\System32\GDI32.dll
0x00007ffc92960000 - 0x00007ffc92af3000 	C:\Windows\System32\gdi32full.dll
0x00007ffc93170000 - 0x00007ffc9320b000 	C:\Windows\System32\msvcp_win.dll
0x00007ffc92b00000 - 0x00007ffc92bf6000 	C:\Windows\System32\ucrtbase.dll
0x00007ffc8a4c0000 - 0x00007ffc8a729000 	C:\Windows\WinSxS\amd64_microsoft.windows.common-controls_6595b64144ccf1df_6.0.16299.248_none_15ced204935f55d7\COMCTL32.dll
0x00007ffc94760000 - 0x00007ffc94a68000 	C:\Windows\System32\combase.dll
0x00007ffc93040000 - 0x00007ffc930b2000 	C:\Windows\System32\bcryptPrimitives.dll
0x00007ffc93a30000 - 0x00007ffc93a5d000 	C:\Windows\System32\IMM32.DLL
0x0000000074c10000 - 0x0000000074ce2000 	C:\Users\Noutbuker\Desktop\android-studio\jre\jre\bin\msvcr100.dll
0x0000000073bc0000 - 0x00000000743ff000 	C:\Users\Noutbuker\Desktop\android-studio\jre\jre\bin\server\jvm.dll
0x00007ffc94370000 - 0x00007ffc94378000 	C:\Windows\System32\PSAPI.DLL
0x00007ffc89ef0000 - 0x00007ffc89efa000 	C:\Windows\SYSTEM32\VERSION.dll
0x00007ffc8dba0000 - 0x00007ffc8dba9000 	C:\Windows\SYSTEM32\WSOCK32.dll
0x00007ffc8bf60000 - 0x00007ffc8bf83000 	C:\Windows\SYSTEM32\WINMM.dll
0x00007ffc94390000 - 0x00007ffc943fc000 	C:\Windows\System32\ws2_32.DLL
0x00007ffc8be90000 - 0x00007ffc8beba000 	C:\Windows\SYSTEM32\WINMMBASE.dll
0x00007ffc93210000 - 0x00007ffc9325a000 	C:\Windows\System32\cfgmgr32.dll
0x00007ffc8d1d0000 - 0x00007ffc8d1df000 	C:\Users\Noutbuker\Desktop\android-studio\jre\jre\bin\verify.dll
0x00007ffc8a0b0000 - 0x00007ffc8a0d9000 	C:\Users\Noutbuker\Desktop\android-studio\jre\jre\bin\java.dll
0x00007ffc892c0000 - 0x00007ffc892d6000 	C:\Users\Noutbuker\Desktop\android-studio\jre\jre\bin\zip.dll
0x00007ffc950f0000 - 0x00007ffc96526000 	C:\Windows\System32\SHELL32.dll
0x00007ffc93a70000 - 0x00007ffc93b16000 	C:\Windows\System32\shcore.dll
0x00007ffc93260000 - 0x00007ffc939a7000 	C:\Windows\System32\windows.storage.dll
0x00007ffc946a0000 - 0x00007ffc946f1000 	C:\Windows\System32\shlwapi.dll
0x00007ffc92940000 - 0x00007ffc92951000 	C:\Windows\System32\kernel.appcore.dll
0x00007ffc928d0000 - 0x00007ffc9291c000 	C:\Windows\System32\powrprof.dll
0x00007ffc928b0000 - 0x00007ffc928cb000 	C:\Windows\System32\profapi.dll
0x00007ffc88510000 - 0x00007ffc8852a000 	C:\Users\Noutbuker\Desktop\android-studio\jre\jre\bin\net.dll
0x00007ffc92140000 - 0x00007ffc921a6000 	C:\Windows\system32\mswsock.dll
0x00007ffc861f0000 - 0x00007ffc86201000 	C:\Users\Noutbuker\Desktop\android-studio\jre\jre\bin\nio.dll
0x00007ffc81580000 - 0x00007ffc8159e000 	C:\Users\Noutbuker\.gradle\native\25\windows-amd64\native-platform.dll
0x00007ffc8a8f0000 - 0x00007ffc8a8fd000 	C:\Users\Noutbuker\Desktop\android-studio\jre\jre\bin\management.dll
0x00007ffc92300000 - 0x00007ffc92317000 	C:\Windows\SYSTEM32\CRYPTSP.dll
0x00007ffc91d50000 - 0x00007ffc91d83000 	C:\Windows\system32\rsaenh.dll
0x00007ffc92410000 - 0x00007ffc92435000 	C:\Windows\SYSTEM32\bcrypt.dll
0x00007ffc927b0000 - 0x00007ffc927d9000 	C:\Windows\SYSTEM32\USERENV.dll
0x00007ffc92320000 - 0x00007ffc9232b000 	C:\Windows\SYSTEM32\CRYPTBASE.dll
0x00007ffc91ed0000 - 0x00007ffc91f09000 	C:\Windows\SYSTEM32\IPHLPAPI.DLL
0x00007ffc94380000 - 0x00007ffc94388000 	C:\Windows\System32\NSI.dll
0x00007ffc8e620000 - 0x00007ffc8e636000 	C:\Windows\SYSTEM32\dhcpcsvc6.DLL
0x00007ffc8e6f0000 - 0x00007ffc8e70a000 	C:\Windows\SYSTEM32\dhcpcsvc.DLL
0x00007ffc81560000 - 0x00007ffc8157e000 	C:\Users\Noutbuker\AppData\Local\Temp\native-platform5968485064752292553dir\native-platform.dll
0x00007ffc919f0000 - 0x00007ffc91a21000 	C:\Windows\SYSTEM32\ntmarta.dll
0x00007ffc8e140000 - 0x00007ffc8e15e000 	C:\Users\Noutbuker\AppData\Local\Temp\native-platform895312940736511737dir\native-platform.dll
0x00007ffc7b6e0000 - 0x00007ffc7b876000 	C:\Users\Noutbuker\Desktop\android-studio\jre\jre\bin\awt.dll
0x00007ffc93b80000 - 0x00007ffc93c45000 	C:\Windows\System32\OLEAUT32.dll
0x00007ffc8fd20000 - 0x00007ffc902d8000 	C:\Windows\SYSTEM32\d2d1.dll
0x00007ffc92e70000 - 0x00007ffc9303e000 	C:\Windows\System32\CRYPT32.dll
0x00007ffc92920000 - 0x00007ffc92932000 	C:\Windows\System32\MSASN1.dll
0x00007ffc90d50000 - 0x00007ffc90dd8000 	C:\Windows\SYSTEM32\apphelp.dll
0x00007ffc91350000 - 0x00007ffc9137a000 	C:\Windows\system32\DWMAPI.DLL
0x00007ffc90e80000 - 0x00007ffc90f15000 	C:\Windows\system32\uxtheme.dll
0x00007ffc80c30000 - 0x00007ffc80c54000 	C:\Users\Noutbuker\Desktop\android-studio\jre\jre\bin\sunec.dll
0x00007ffc91f10000 - 0x00007ffc91fc6000 	C:\Windows\SYSTEM32\DNSAPI.dll
0x00007ffc8b420000 - 0x00007ffc8b42a000 	C:\Windows\System32\rasadhlp.dll
0x00007ffc8b8a0000 - 0x00007ffc8b910000 	C:\Windows\System32\fwpuclnt.dll
0x00007ffc892b0000 - 0x00007ffc892bb000 	C:\Users\Noutbuker\Desktop\android-studio\jre\jre\bin\sunmscapi.dll

VM Arguments:
jvm_args: -Xmx1536m -Dfile.encoding=windows-1251 -Duser.country=RU -Duser.language=ru -Duser.variant 
java_command: org.gradle.launcher.daemon.bootstrap.GradleDaemon 4.4
java_class_path (initial): C:\Users\Noutbuker\.gradle\wrapper\dists\gradle-4.4-all\9br9xq1tocpiv8o6njlyu5op1\gradle-4.4\lib\gradle-launcher-4.4.jar
Launcher Type: SUN_STANDARD

Environment Variables:
PATH=C:\Windows\system32;C:\Windows;C:\Windows\System32\Wbem;C:\Windows\System32\WindowsPowerShell\v1.0\;C:\adb\progbin;C:\Program Files\Git\cmd;C:\Users\Noutbuker\AppData\Local\Microsoft\WindowsApps;
USERNAME=Noutbuker
OS=Windows_NT
PROCESSOR_IDENTIFIER=Intel64 Family 6 Model 61 Stepping 4, GenuineIntel



---------------  S Y S T E M  ---------------

OS: Windows 10.0 , 64 bit Build 16299 (10.0.16299.15)

CPU:total 4 (initial active 4) (2 cores per cpu, 2 threads per core) family 6 model 61 stepping 4, cmov, cx8, fxsr, mmx, sse, sse2, sse3, ssse3, sse4.1, sse4.2, popcnt, avx, avx2, aes, clmul, erms, 3dnowpref, lzcnt, ht, tsc, tscinvbit, bmi1, bmi2, adx

Memory: 4k page, physical 8297980k(1361136k free), swap 8297980k(1976k free)

vm_info: OpenJDK 64-Bit Server VM (25.152-b02) for windows-amd64 JRE (1.8.0_152-release-1024-b02), built by "builder" with MS VC++ 10.0 (VS2010)

time: Sun Feb 18 21:23:18 2018
elapsed time: 34614 seconds (0d 9h 36m 54s)

