#
# There is insufficient memory for the Java Runtime Environment to continue.
# Native memory allocation (malloc) failed to allocate 1061216 bytes for Chunk::new
# Possible reasons:
#   The system is out of physical RAM or swap space
#   In 32 bit mode, the process size limit was hit
# Possible solutions:
#   Reduce memory load on the system
#   Increase physical memory or swap space
#   Check if swap backing store is full
#   Use 64 bit Java on a 64 bit OS
#   Decrease Java heap size (-Xmx/-Xms)
#   Decrease number of Java threads
#   Decrease Java thread stack sizes (-Xss)
#   Set larger code cache with -XX:ReservedCodeCacheSize=
# This output file may be truncated or incomplete.
#
#  Out of Memory Error (allocation.cpp:390), pid=5472, tid=0x00000000000017c4
#
# JRE version: OpenJDK Runtime Environment (8.0_152-b02) (build 1.8.0_152-release-1024-b02)
# Java VM: OpenJDK 64-Bit Server VM (25.152-b02 mixed mode windows-amd64 compressed oops)
# Failed to write core dump. Minidumps are not enabled by default on client versions of Windows
#

---------------  T H R E A D  ---------------

Current thread (0x0000000018b4f000):  JavaThread "C2 CompilerThread1" daemon [_thread_in_native, id=6084, stack(0x000000001a2a0000,0x000000001a3a0000)]

Stack: [0x000000001a2a0000,0x000000001a3a0000]
[error occurred during error reporting (printing stack bounds), id 0xc0000005]

Native frames: (J=compiled Java code, j=interpreted, Vv=VM code, C=native code)


Current CompileTask:
C2:2753309 11097       4       org.jetbrains.kotlin.resolve.calls.CallCompleter::completeCall (345 bytes)


---------------  P R O C E S S  ---------------

Java Threads: ( => current thread )
  0x000000001d486800 JavaThread "RMI RenewClean-[localhost:44901,org.jetbrains.kotlin.daemon.common.LoopbackNetworkInterface$ClientLoopbackSocketFactory@2dd77e9c]" daemon [_thread_blocked, id=4832, stack(0x00000000241a0000,0x00000000242a0000)]
  0x000000001d488000 JavaThread "RMI TCP Connection(23)-127.0.0.1" daemon [_thread_in_Java, id=8836, stack(0x00000000240a0000,0x00000000241a0000)]
  0x000000001d487800 JavaThread "RMI TCP Connection(22)-127.0.0.1" daemon [_thread_in_native, id=2560, stack(0x0000000023fa0000,0x00000000240a0000)]
  0x000000001ad10800 JavaThread "RMI RenewClean-[localhost:32491,org.jetbrains.kotlin.daemon.common.LoopbackNetworkInterface$ClientLoopbackSocketFactory@2048fdcd]" daemon [_thread_blocked, id=8472, stack(0x0000000022ba0000,0x0000000022ca0000)]
  0x000000001ad13000 JavaThread "RMI RenewClean-[localhost:32491,org.jetbrains.kotlin.daemon.common.LoopbackNetworkInterface$ClientLoopbackSocketFactory@67095ffb]" daemon [_thread_blocked, id=7012, stack(0x000000001c140000,0x000000001c240000)]
  0x000000001acfc800 JavaThread "RMI Scheduler(0)" daemon [_thread_blocked, id=7940, stack(0x000000001bf40000,0x000000001c040000)]
  0x0000000004fde000 JavaThread "DestroyJavaVM" [_thread_blocked, id=5204, stack(0x0000000004fe0000,0x00000000050e0000)]
  0x000000001acea800 JavaThread "GC Daemon" daemon [_thread_blocked, id=32, stack(0x000000001ba00000,0x000000001bb00000)]
  0x000000001ac87800 JavaThread "RMI Reaper" [_thread_blocked, id=4080, stack(0x000000001b900000,0x000000001ba00000)]
  0x000000001ac73800 JavaThread "Timer-0" daemon [_thread_blocked, id=6472, stack(0x000000001b700000,0x000000001b800000)]
  0x000000001ac6e800 JavaThread "RMI TCP Accept-17445" daemon [_thread_in_native, id=4940, stack(0x000000001b600000,0x000000001b700000)]
  0x0000000018bae800 JavaThread "Service Thread" daemon [_thread_blocked, id=3176, stack(0x000000001a8a0000,0x000000001a9a0000)]
  0x0000000018b53000 JavaThread "C1 CompilerThread2" daemon [_thread_blocked, id=1904, stack(0x000000001a3a0000,0x000000001a4a0000)]
=>0x0000000018b4f000 JavaThread "C2 CompilerThread1" daemon [_thread_in_native, id=6084, stack(0x000000001a2a0000,0x000000001a3a0000)]
  0x0000000018b4b000 JavaThread "C2 CompilerThread0" daemon [_thread_in_vm, id=4984, stack(0x000000001a1a0000,0x000000001a2a0000)]
  0x0000000018b49800 JavaThread "Attach Listener" daemon [_thread_blocked, id=6072, stack(0x000000001a0a0000,0x000000001a1a0000)]
  0x0000000018b49000 JavaThread "Signal Dispatcher" daemon [_thread_blocked, id=3540, stack(0x0000000019fa0000,0x000000001a0a0000)]
  0x0000000018b38800 JavaThread "Finalizer" daemon [_thread_blocked, id=1096, stack(0x0000000019da0000,0x0000000019ea0000)]
  0x00000000051d1800 JavaThread "Reference Handler" daemon [_thread_blocked, id=4548, stack(0x0000000019ca0000,0x0000000019da0000)]

Other Threads:
  0x0000000018b15000 VMThread [stack: 0x0000000019ba0000,0x0000000019ca0000] [id=8996]
  0x000000001a4d1800 WatcherThread [stack: 0x000000001a9a0000,0x000000001aaa0000] [id=5268]

VM state:not at safepoint (normal execution)

VM Mutex/Monitor currently owned by a thread: None

Heap:
 PSYoungGen      total 203776K, used 138277K [0x00000000e0000000, 0x00000000eef00000, 0x0000000100000000)
  eden space 179200K, 68% used [0x00000000e0000000,0x00000000e78519c0,0x00000000eaf00000)
  from space 24576K, 61% used [0x00000000ed700000,0x00000000ee5b7b80,0x00000000eef00000)
  to   space 32768K, 0% used [0x00000000eaf00000,0x00000000eaf00000,0x00000000ecf00000)
 ParOldGen       total 113664K, used 61757K [0x00000000a0000000, 0x00000000a6f00000, 0x00000000e0000000)
  object space 113664K, 54% used [0x00000000a0000000,0x00000000a3c4f400,0x00000000a6f00000)
 Metaspace       used 57532K, capacity 58744K, committed 59160K, reserved 1101824K
  class space    used 6823K, capacity 7184K, committed 7296K, reserved 1048576K

Card table byte_map: [0x00000000145a0000,0x00000000148b0000] byte_map_base: 0x00000000140a0000

Marking Bits: (ParMarkBitMap*) 0x0000000074384970
 Begin Bits: [0x0000000014eb0000, 0x00000000166b0000)
 End Bits:   [0x00000000166b0000, 0x0000000017eb0000)

Polling page: 0x0000000004f50000

CodeCache: size=245760Kb used=35110Kb max_used=35129Kb free=210650Kb
 bounds [0x00000000051e0000, 0x0000000007460000, 0x00000000141e0000]
 total_blobs=10429 nmethods=9903 adapters=437
 compilation: enabled

Compilation events (10 events):
Event: 2752.685 Thread 0x0000000018b53000 nmethod 11318 0x0000000007442b50 code [0x0000000007442ca0, 0x0000000007442e70]
Event: 2752.685 Thread 0x0000000018b53000 11321       3       org.jetbrains.kotlin.codegen.optimization.DeadCodeEliminationMethodTransformer::removeDeadCodeByFrames (115 bytes)
Event: 2752.687 Thread 0x0000000018b53000 nmethod 11321 0x0000000007442f10 code [0x00000000074431c0, 0x0000000007444048]
Event: 2752.688 Thread 0x0000000018b53000 11322       3       org.jetbrains.kotlin.codegen.DelegatingClassBuilder::newMethod (19 bytes)
Event: 2752.688 Thread 0x0000000018b53000 nmethod 11322 0x0000000007444a10 code [0x0000000007444b80, 0x0000000007444e98]
Event: 2752.692 Thread 0x0000000018b53000 11323       3       org.jetbrains.kotlin.types.TypeUtils::createSubstitutedSupertype (24 bytes)
Event: 2752.693 Thread 0x0000000018b53000 nmethod 11323 0x0000000007444f90 code [0x0000000007445140, 0x00000000074456b8]
Event: 2752.694 Thread 0x0000000018b53000 11324       3       org.jetbrains.kotlin.codegen.optimization.boxing.RedundantBoxingInterpreter::unaryOperation (13 bytes)
Event: 2752.694 Thread 0x0000000018b53000 nmethod 11324 0x00000000074459d0 code [0x0000000007445b40, 0x0000000007445e28]
Event: 2752.694 Thread 0x0000000018b53000 11325       3       org.jetbrains.kotlin.codegen.optimization.boxing.BoxingInterpreter::unaryOperation (46 bytes)

GC Heap History (10 events):
Event: 536.304 GC heap before
{Heap before GC invocations=15 (full 3):
 PSYoungGen      total 125440K, used 102300K [0x00000000e0000000, 0x00000000ebb80000, 0x0000000100000000)
  eden space 89088K, 100% used [0x00000000e0000000,0x00000000e5700000,0x00000000e5700000)
  from space 36352K, 36% used [0x00000000e5700000,0x00000000e63e7238,0x00000000e7a80000)
  to   space 34816K, 0% used [0x00000000e9980000,0x00000000e9980000,0x00000000ebb80000)
 ParOldGen       total 113664K, used 48351K [0x00000000a0000000, 0x00000000a6f00000, 0x00000000e0000000)
  object space 113664K, 42% used [0x00000000a0000000,0x00000000a2f37f08,0x00000000a6f00000)
 Metaspace       used 53612K, capacity 54476K, committed 54912K, reserved 1097728K
  class space    used 6511K, capacity 6756K, committed 6784K, reserved 1048576K
Event: 536.322 GC heap after
Heap after GC invocations=15 (full 3):
 PSYoungGen      total 148992K, used 3880K [0x00000000e0000000, 0x00000000eb780000, 0x0000000100000000)
  eden space 118272K, 0% used [0x00000000e0000000,0x00000000e0000000,0x00000000e7380000)
  from space 30720K, 12% used [0x00000000e9980000,0x00000000e9d4a2f0,0x00000000eb780000)
  to   space 34816K, 0% used [0x00000000e7380000,0x00000000e7380000,0x00000000e9580000)
 ParOldGen       total 113664K, used 61155K [0x00000000a0000000, 0x00000000a6f00000, 0x00000000e0000000)
  object space 113664K, 53% used [0x00000000a0000000,0x00000000a3bb8da8,0x00000000a6f00000)
 Metaspace       used 53612K, capacity 54476K, committed 54912K, reserved 1097728K
  class space    used 6511K, capacity 6756K, committed 6784K, reserved 1048576K
}
Event: 671.654 GC heap before
{Heap before GC invocations=16 (full 3):
 PSYoungGen      total 148992K, used 122152K [0x00000000e0000000, 0x00000000eb780000, 0x0000000100000000)
  eden space 118272K, 100% used [0x00000000e0000000,0x00000000e7380000,0x00000000e7380000)
  from space 30720K, 12% used [0x00000000e9980000,0x00000000e9d4a2f0,0x00000000eb780000)
  to   space 34816K, 0% used [0x00000000e7380000,0x00000000e7380000,0x00000000e9580000)
 ParOldGen       total 113664K, used 61155K [0x00000000a0000000, 0x00000000a6f00000, 0x00000000e0000000)
  object space 113664K, 53% used [0x00000000a0000000,0x00000000a3bb8da8,0x00000000a6f00000)
 Metaspace       used 54596K, capacity 55536K, committed 56064K, reserved 1097728K
  class space    used 6574K, capacity 6868K, committed 6912K, reserved 1048576K
Event: 671.700 GC heap after
Heap after GC invocations=16 (full 3):
 PSYoungGen      total 153088K, used 21410K [0x00000000e0000000, 0x00000000ed980000, 0x0000000100000000)
  eden space 118272K, 0% used [0x00000000e0000000,0x00000000e0000000,0x00000000e7380000)
  from space 34816K, 61% used [0x00000000e7380000,0x00000000e8868a58,0x00000000e9580000)
  to   space 35328K, 0% used [0x00000000eb700000,0x00000000eb700000,0x00000000ed980000)
 ParOldGen       total 113664K, used 61733K [0x00000000a0000000, 0x00000000a6f00000, 0x00000000e0000000)
  object space 113664K, 54% used [0x00000000a0000000,0x00000000a3c49400,0x00000000a6f00000)
 Metaspace       used 54596K, capacity 55536K, committed 56064K, reserved 1097728K
  class space    used 6574K, capacity 6868K, committed 6912K, reserved 1048576K
}
Event: 792.494 GC heap before
{Heap before GC invocations=17 (full 3):
 PSYoungGen      total 153088K, used 139682K [0x00000000e0000000, 0x00000000ed980000, 0x0000000100000000)
  eden space 118272K, 100% used [0x00000000e0000000,0x00000000e7380000,0x00000000e7380000)
  from space 34816K, 61% used [0x00000000e7380000,0x00000000e8868a58,0x00000000e9580000)
  to   space 35328K, 0% used [0x00000000eb700000,0x00000000eb700000,0x00000000ed980000)
 ParOldGen       total 113664K, used 61733K [0x00000000a0000000, 0x00000000a6f00000, 0x00000000e0000000)
  object space 113664K, 54% used [0x00000000a0000000,0x00000000a3c49400,0x00000000a6f00000)
 Metaspace       used 55104K, capacity 56192K, committed 56576K, reserved 1099776K
  class space    used 6618K, capacity 6912K, committed 6912K, reserved 1048576K
Event: 792.515 GC heap after
Heap after GC invocations=17 (full 3):
 PSYoungGen      total 174080K, used 12814K [0x00000000e0000000, 0x00000000ed180000, 0x0000000100000000)
  eden space 146944K, 0% used [0x00000000e0000000,0x00000000e0000000,0x00000000e8f80000)
  from space 27136K, 47% used [0x00000000eb700000,0x00000000ec383a68,0x00000000ed180000)
  to   space 33792K, 0% used [0x00000000e8f80000,0x00000000e8f80000,0x00000000eb080000)
 ParOldGen       total 113664K, used 61741K [0x00000000a0000000, 0x00000000a6f00000, 0x00000000e0000000)
  object space 113664K, 54% used [0x00000000a0000000,0x00000000a3c4b400,0x00000000a6f00000)
 Metaspace       used 55104K, capacity 56192K, committed 56576K, reserved 1099776K
  class space    used 6618K, capacity 6912K, committed 6912K, reserved 1048576K
}
Event: 793.456 GC heap before
{Heap before GC invocations=18 (full 3):
 PSYoungGen      total 174080K, used 159758K [0x00000000e0000000, 0x00000000ed180000, 0x0000000100000000)
  eden space 146944K, 100% used [0x00000000e0000000,0x00000000e8f80000,0x00000000e8f80000)
  from space 27136K, 47% used [0x00000000eb700000,0x00000000ec383a68,0x00000000ed180000)
  to   space 33792K, 0% used [0x00000000e8f80000,0x00000000e8f80000,0x00000000eb080000)
 ParOldGen       total 113664K, used 61741K [0x00000000a0000000, 0x00000000a6f00000, 0x00000000e0000000)
  object space 113664K, 54% used [0x00000000a0000000,0x00000000a3c4b400,0x00000000a6f00000)
 Metaspace       used 55530K, capacity 56544K, committed 56960K, reserved 1099776K
  class space    used 6635K, capacity 6944K, committed 7040K, reserved 1048576K
Event: 793.490 GC heap after
Heap after GC invocations=18 (full 3):
 PSYoungGen      total 180736K, used 22017K [0x00000000e0000000, 0x00000000ef900000, 0x0000000100000000)
  eden space 146944K, 0% used [0x00000000e0000000,0x00000000e0000000,0x00000000e8f80000)
  from space 33792K, 65% used [0x00000000e8f80000,0x00000000ea500480,0x00000000eb080000)
  to   space 34816K, 0% used [0x00000000ed700000,0x00000000ed700000,0x00000000ef900000)
 ParOldGen       total 113664K, used 61749K [0x00000000a0000000, 0x00000000a6f00000, 0x00000000e0000000)
  object space 113664K, 54% used [0x00000000a0000000,0x00000000a3c4d400,0x00000000a6f00000)
 Metaspace       used 55530K, capacity 56544K, committed 56960K, reserved 1099776K
  class space    used 6635K, capacity 6944K, committed 7040K, reserved 1048576K
}
Event: 2749.903 GC heap before
{Heap before GC invocations=19 (full 3):
 PSYoungGen      total 180736K, used 168961K [0x00000000e0000000, 0x00000000ef900000, 0x0000000100000000)
  eden space 146944K, 100% used [0x00000000e0000000,0x00000000e8f80000,0x00000000e8f80000)
  from space 33792K, 65% used [0x00000000e8f80000,0x00000000ea500480,0x00000000eb080000)
  to   space 34816K, 0% used [0x00000000ed700000,0x00000000ed700000,0x00000000ef900000)
 ParOldGen       total 113664K, used 61749K [0x00000000a0000000, 0x00000000a6f00000, 0x00000000e0000000)
  object space 113664K, 54% used [0x00000000a0000000,0x00000000a3c4d400,0x00000000a6f00000)
 Metaspace       used 56640K, capacity 57896K, committed 58368K, reserved 1099776K
  class space    used 6733K, capacity 7066K, committed 7168K, reserved 1048576K
Event: 2749.925 GC heap after
Heap after GC invocations=19 (full 3):
 PSYoungGen      total 203776K, used 15070K [0x00000000e0000000, 0x00000000eef00000, 0x0000000100000000)
  eden space 179200K, 0% used [0x00000000e0000000,0x00000000e0000000,0x00000000eaf00000)
  from space 24576K, 61% used [0x00000000ed700000,0x00000000ee5b7b80,0x00000000eef00000)
  to   space 32768K, 0% used [0x00000000eaf00000,0x00000000eaf00000,0x00000000ecf00000)
 ParOldGen       total 113664K, used 61757K [0x00000000a0000000, 0x00000000a6f00000, 0x00000000e0000000)
  object space 113664K, 54% used [0x00000000a0000000,0x00000000a3c4f400,0x00000000a6f00000)
 Metaspace       used 56640K, capacity 57896K, committed 58368K, reserved 1099776K
  class space    used 6733K, capacity 7066K, committed 7168K, reserved 1048576K
}

Deoptimization events (10 events):
Event: 2752.338 Thread 0x000000001d488000 Uncommon trap: reason=class_check action=maybe_recompile pc=0x0000000006e2f39c method=org.jetbrains.kotlin.psi.KtQualifiedExpression$DefaultImpls.getExpression(Lorg/jetbrains/kotlin/psi/KtQualifiedExpression;Lorg/jetbrains/kotlin/psi/KtQualifiedExpression
Event: 2752.341 Thread 0x000000001d488000 Uncommon trap: reason=class_check action=maybe_recompile pc=0x0000000006e2f39c method=org.jetbrains.kotlin.psi.KtQualifiedExpression$DefaultImpls.getExpression(Lorg/jetbrains/kotlin/psi/KtQualifiedExpression;Lorg/jetbrains/kotlin/psi/KtQualifiedExpression
Event: 2752.374 Thread 0x000000001d488000 Uncommon trap: reason=class_check action=maybe_recompile pc=0x0000000005751ee8 method=org.jetbrains.kotlin.load.java.typeEnhancement.SignatureEnhancementKt.select(Ljava/util/Set;Ljava/lang/Object;Ljava/lang/Object;Ljava/lang/Object;Z)Ljava/lang/Object; @ 
Event: 2752.541 Thread 0x000000001d488000 Uncommon trap: reason=bimorphic action=maybe_recompile pc=0x000000000677170c method=java.util.concurrent.ConcurrentHashMap.putVal(Ljava/lang/Object;Ljava/lang/Object;Z)Ljava/lang/Object; @ 192
Event: 2752.541 Thread 0x000000001d488000 Uncommon trap: reason=bimorphic action=maybe_recompile pc=0x000000000677170c method=java.util.concurrent.ConcurrentHashMap.putVal(Ljava/lang/Object;Ljava/lang/Object;Z)Ljava/lang/Object; @ 192
Event: 2752.545 Thread 0x000000001d488000 Uncommon trap: reason=bimorphic action=maybe_recompile pc=0x000000000677170c method=java.util.concurrent.ConcurrentHashMap.putVal(Ljava/lang/Object;Ljava/lang/Object;Z)Ljava/lang/Object; @ 192
Event: 2752.546 Thread 0x000000001d488000 Uncommon trap: reason=bimorphic action=maybe_recompile pc=0x000000000677170c method=java.util.concurrent.ConcurrentHashMap.putVal(Ljava/lang/Object;Ljava/lang/Object;Z)Ljava/lang/Object; @ 192
Event: 2752.669 Thread 0x000000001d488000 Uncommon trap: reason=class_check action=maybe_recompile pc=0x0000000007057d40 method=org.jetbrains.kotlin.load.kotlin.TypeSignatureMappingKt.mapType(Lorg/jetbrains/kotlin/types/KotlinType;Lorg/jetbrains/kotlin/load/kotlin/JvmTypeFactory;Lorg/jetbrains/ko
Event: 2752.670 Thread 0x000000001d488000 Uncommon trap: reason=class_check action=maybe_recompile pc=0x0000000007057d40 method=org.jetbrains.kotlin.load.kotlin.TypeSignatureMappingKt.mapType(Lorg/jetbrains/kotlin/types/KotlinType;Lorg/jetbrains/kotlin/load/kotlin/JvmTypeFactory;Lorg/jetbrains/ko
Event: 2752.671 Thread 0x000000001d488000 Uncommon trap: reason=unstable_if action=reinterpret pc=0x000000000702d7c0 method=org.jetbrains.org.objectweb.asm.Type.getArgumentsAndReturnSizes(Ljava/lang/String;)I @ 88

Classes redefined (0 events):
No events

Internal exceptions (10 events):
Event: 236.351 Thread 0x000000001d481800 Exception <a 'sun/nio/fs/WindowsException'> (0x00000000e0a1e9b0) thrown at [D:\src\AOSP-openjdk-cygwin\jdk8u\hotspot\src\share\vm\prims\jni.cpp, line 709]
Event: 670.342 Thread 0x000000001d484800 Exception <a 'java/lang/InterruptedException'> (0x00000000e038e558) thrown at [D:\src\AOSP-openjdk-cygwin\jdk8u\hotspot\src\share\vm\runtime\objectMonitor.cpp, line 1684]
Event: 670.361 Thread 0x000000001d487800 Exception <a 'sun/nio/fs/WindowsException'> (0x00000000e044a200) thrown at [D:\src\AOSP-openjdk-cygwin\jdk8u\hotspot\src\share\vm\prims\jni.cpp, line 709]
Event: 792.135 Thread 0x000000001d481800 Exception <a 'java/lang/InterruptedException'> (0x00000000e4e71fe8) thrown at [D:\src\AOSP-openjdk-cygwin\jdk8u\hotspot\src\share\vm\runtime\objectMonitor.cpp, line 1684]
Event: 792.148 Thread 0x000000001d486800 Exception <a 'sun/nio/fs/WindowsException'> (0x00000000e4f58fe8) thrown at [D:\src\AOSP-openjdk-cygwin\jdk8u\hotspot\src\share\vm\prims\jni.cpp, line 709]
Event: 977.431 Thread 0x000000001d486000 Exception <a 'java/lang/InterruptedException'> (0x00000000e0db9240) thrown at [D:\src\AOSP-openjdk-cygwin\jdk8u\hotspot\src\share\vm\runtime\objectMonitor.cpp, line 1684]
Event: 977.448 Thread 0x000000001d485000 Exception <a 'sun/nio/fs/WindowsException'> (0x00000000e0e8c9e0) thrown at [D:\src\AOSP-openjdk-cygwin\jdk8u\hotspot\src\share\vm\prims\jni.cpp, line 709]
Event: 977.800 Thread 0x000000001d485000 Implicit null exception at 0x0000000006dff45f to 0x0000000006dff9bd
Event: 978.082 Thread 0x000000001d485000 Implicit null exception at 0x00000000070c4a30 to 0x00000000070c4a95
Event: 2749.469 Thread 0x000000001d488000 Implicit null exception at 0x0000000006dfcad4 to 0x0000000006dfcd3e

Events (10 events):
Event: 2752.677 loading class org/jetbrains/kotlin/types/typesApproximation/CapturedTypeApproximationKt$WhenMappings
Event: 2752.677 loading class org/jetbrains/kotlin/types/typesApproximation/CapturedTypeApproximationKt$WhenMappings done
Event: 2752.678 loading class org/jetbrains/kotlin/types/typesApproximation/TypeArgument
Event: 2752.678 loading class org/jetbrains/kotlin/types/typesApproximation/TypeArgument done
Event: 2752.678 loading class org/jetbrains/kotlin/types/typesApproximation/CapturedTypeApproximationKt$toTypeProjection$2
Event: 2752.678 loading class org/jetbrains/kotlin/types/typesApproximation/CapturedTypeApproximationKt$toTypeProjection$2 done
Event: 2752.679 loading class org/jetbrains/kotlin/codegen/range/PrimitiveNumberUntilRangeValue
Event: 2752.679 loading class org/jetbrains/kotlin/codegen/range/PrimitiveNumberUntilRangeValue done
Event: 2752.680 loading class org/jetbrains/kotlin/codegen/intrinsics/ArraySize$generate$1
Event: 2752.680 loading class org/jetbrains/kotlin/codegen/intrinsics/ArraySize$generate$1 done


Dynamic libraries:
0x00007ff77bec0000 - 0x00007ff77bef1000 	C:\Users\Noutbuker\Desktop\android-studio\jre\jre\bin\java.exe
0x00007ffc96560000 - 0x00007ffc96740000 	C:\Windows\SYSTEM32\ntdll.dll
0x00007ffc93d00000 - 0x00007ffc93dae000 	C:\Windows\System32\KERNEL32.DLL
0x00007ffc92c00000 - 0x00007ffc92e66000 	C:\Windows\System32\KERNELBASE.dll
0x00007ffc94400000 - 0x00007ffc944a1000 	C:\Windows\System32\ADVAPI32.dll
0x00007ffc94a70000 - 0x00007ffc94b0d000 	C:\Windows\System32\msvcrt.dll
0x00007ffc944b0000 - 0x00007ffc9450b000 	C:\Windows\System32\sechost.dll
0x00007ffc94b30000 - 0x00007ffc94c4f000 	C:\Windows\System32\RPCRT4.dll
0x00007ffc94510000 - 0x00007ffc9469f000 	C:\Windows\System32\USER32.dll
0x00007ffc93a10000 - 0x00007ffc93a30000 	C:\Windows\System32\win32u.dll
0x00007ffc93cd0000 - 0x00007ffc93cf8000 	C:\Windows\System32\GDI32.dll
0x00007ffc92960000 - 0x00007ffc92af3000 	C:\Windows\System32\gdi32full.dll
0x00007ffc93170000 - 0x00007ffc9320b000 	C:\Windows\System32\msvcp_win.dll
0x00007ffc92b00000 - 0x00007ffc92bf6000 	C:\Windows\System32\ucrtbase.dll
0x00007ffc8a4c0000 - 0x00007ffc8a729000 	C:\Windows\WinSxS\amd64_microsoft.windows.common-controls_6595b64144ccf1df_6.0.16299.248_none_15ced204935f55d7\COMCTL32.dll
0x00007ffc94760000 - 0x00007ffc94a68000 	C:\Windows\System32\combase.dll
0x00007ffc93040000 - 0x00007ffc930b2000 	C:\Windows\System32\bcryptPrimitives.dll
0x00007ffc93a30000 - 0x00007ffc93a5d000 	C:\Windows\System32\IMM32.DLL
0x0000000074c10000 - 0x0000000074ce2000 	C:\Users\Noutbuker\Desktop\android-studio\jre\jre\bin\msvcr100.dll
0x0000000073bc0000 - 0x00000000743ff000 	C:\Users\Noutbuker\Desktop\android-studio\jre\jre\bin\server\jvm.dll
0x00007ffc94370000 - 0x00007ffc94378000 	C:\Windows\System32\PSAPI.DLL
0x00007ffc8bf60000 - 0x00007ffc8bf83000 	C:\Windows\SYSTEM32\WINMM.dll
0x00007ffc89ef0000 - 0x00007ffc89efa000 	C:\Windows\SYSTEM32\VERSION.dll
0x00007ffc8dba0000 - 0x00007ffc8dba9000 	C:\Windows\SYSTEM32\WSOCK32.dll
0x00007ffc94390000 - 0x00007ffc943fc000 	C:\Windows\System32\WS2_32.dll
0x00007ffc8be90000 - 0x00007ffc8beba000 	C:\Windows\SYSTEM32\WINMMBASE.dll
0x00007ffc93210000 - 0x00007ffc9325a000 	C:\Windows\System32\cfgmgr32.dll
0x00007ffc8d1d0000 - 0x00007ffc8d1df000 	C:\Users\Noutbuker\Desktop\android-studio\jre\jre\bin\verify.dll
0x00007ffc8a0b0000 - 0x00007ffc8a0d9000 	C:\Users\Noutbuker\Desktop\android-studio\jre\jre\bin\java.dll
0x00007ffc892c0000 - 0x00007ffc892d6000 	C:\Users\Noutbuker\Desktop\android-studio\jre\jre\bin\zip.dll
0x00007ffc950f0000 - 0x00007ffc96526000 	C:\Windows\System32\SHELL32.dll
0x00007ffc93a70000 - 0x00007ffc93b16000 	C:\Windows\System32\shcore.dll
0x00007ffc93260000 - 0x00007ffc939a7000 	C:\Windows\System32\windows.storage.dll
0x00007ffc946a0000 - 0x00007ffc946f1000 	C:\Windows\System32\shlwapi.dll
0x00007ffc92940000 - 0x00007ffc92951000 	C:\Windows\System32\kernel.appcore.dll
0x00007ffc928d0000 - 0x00007ffc9291c000 	C:\Windows\System32\powrprof.dll
0x00007ffc928b0000 - 0x00007ffc928cb000 	C:\Windows\System32\profapi.dll
0x00007ffc8a8f0000 - 0x00007ffc8a8fd000 	C:\Users\Noutbuker\Desktop\android-studio\jre\jre\bin\management.dll
0x00007ffc88510000 - 0x00007ffc8852a000 	C:\Users\Noutbuker\Desktop\android-studio\jre\jre\bin\net.dll
0x00007ffc92140000 - 0x00007ffc921a6000 	C:\Windows\system32\mswsock.dll
0x00007ffc861f0000 - 0x00007ffc86201000 	C:\Users\Noutbuker\Desktop\android-studio\jre\jre\bin\nio.dll
0x00007ffc92300000 - 0x00007ffc92317000 	C:\Windows\SYSTEM32\CRYPTSP.dll
0x00007ffc91d50000 - 0x00007ffc91d83000 	C:\Windows\system32\rsaenh.dll
0x00007ffc92410000 - 0x00007ffc92435000 	C:\Windows\SYSTEM32\bcrypt.dll
0x00007ffc927b0000 - 0x00007ffc927d9000 	C:\Windows\SYSTEM32\USERENV.dll
0x00007ffc92320000 - 0x00007ffc9232b000 	C:\Windows\SYSTEM32\CRYPTBASE.dll
0x00007ffc91ed0000 - 0x00007ffc91f09000 	C:\Windows\SYSTEM32\IPHLPAPI.DLL
0x00007ffc94380000 - 0x00007ffc94388000 	C:\Windows\System32\NSI.dll
0x00007ffc8e620000 - 0x00007ffc8e636000 	C:\Windows\SYSTEM32\dhcpcsvc6.DLL
0x00007ffc8e6f0000 - 0x00007ffc8e70a000 	C:\Windows\SYSTEM32\dhcpcsvc.DLL

VM Arguments:
jvm_args: -Djava.awt.headless=true -Djava.rmi.server.hostname=localhost -Xmx1536m -Dkotlin.environment.keepalive 
java_command: org.jetbrains.kotlin.daemon.KotlinCompileDaemon --daemon-runFilesPath C:\Users\Noutbuker\AppData\Local\kotlin\daemon --daemon-autoshutdownIdleSeconds=7200 --daemon-compilerClasspath C:\Users\Noutbuker\.gradle\caches\modules-2\files-2.1\org.jetbrains.kotlin\kotlin-compiler-embeddable\1.2.21\39456b64a42dc359e385697e2e93b5cba52e197f\kotlin-compiler-embeddable-1.2.21.jar;C:\Users\Noutbuker\.gradle\caches\modules-2\files-2.1\org.jetbrains.kotlin\kotlin-stdlib\1.2.21\d64187eb2d9d1521be3421aa8c6774a8625cdde8\kotlin-stdlib-1.2.21.jar;C:\Users\Noutbuker\.gradle\caches\modules-2\files-2.1\org.jetbrains.kotlin\kotlin-script-runtime\1.2.21\40c37b171146be48a989ab74b937b17a96d28d87\kotlin-script-runtime-1.2.21.jar;C:\Users\Noutbuker\.gradle\caches\modules-2\files-2.1\org.jetbrains.kotlin\kotlin-reflect\1.2.21\3159ff5936aa570a90050d385cb717fbb6c1723a\kotlin-reflect-1.2.21.jar;C:\Users\Noutbuker\Desktop\android-studio\jre\lib\tools.jar
java_class_path (initial): C:\Users\Noutbuker\.gradle\caches\modules-2\files-2.1\org.jetbrains.kotlin\kotlin-compiler-embeddable\1.2.21\39456b64a42dc359e385697e2e93b5cba52e197f\kotlin-compiler-embeddable-1.2.21.jar;C:\Users\Noutbuker\.gradle\caches\modules-2\files-2.1\org.jetbrains.kotlin\kotlin-stdlib\1.2.21\d64187eb2d9d1521be3421aa8c6774a8625cdde8\kotlin-stdlib-1.2.21.jar;C:\Users\Noutbuker\.gradle\caches\modules-2\files-2.1\org.jetbrains.kotlin\kotlin-script-runtime\1.2.21\40c37b171146be48a989ab74b937b17a96d28d87\kotlin-script-runtime-1.2.21.jar;C:\Users\Noutbuker\.gradle\caches\modules-2\files-2.1\org.jetbrains.kotlin\kotlin-reflect\1.2.21\3159ff5936aa570a90050d385cb717fbb6c1723a\kotlin-reflect-1.2.21.jar;C:\Users\Noutbuker\Desktop\android-studio\jre\lib\tools.jar
Launcher Type: SUN_STANDARD

Environment Variables:
PATH=C:\Windows\system32;C:\Windows;C:\Windows\System32\Wbem;C:\Windows\System32\WindowsPowerShell\v1.0\;C:\adb\progbin;C:\Program Files\Git\cmd;C:\Users\Noutbuker\AppData\Local\Microsoft\WindowsApps;
USERNAME=Noutbuker
OS=Windows_NT
PROCESSOR_IDENTIFIER=Intel64 Family 6 Model 61 Stepping 4, GenuineIntel



---------------  S Y S T E M  ---------------

OS: Windows 10.0 , 64 bit Build 16299 (10.0.16299.15)

CPU:total 4 (initial active 4) (2 cores per cpu, 2 threads per core) family 6 model 61 stepping 4, cmov, cx8, fxsr, mmx, sse, sse2, sse3, ssse3, sse4.1, sse4.2, popcnt, avx, avx2, aes, clmul, erms, 3dnowpref, lzcnt, ht, tsc, tscinvbit, bmi1, bmi2, adx

Memory: 4k page, physical 8297980k(1373408k free), swap 8297980k(5912k free)

vm_info: OpenJDK 64-Bit Server VM (25.152-b02) for windows-amd64 JRE (1.8.0_152-release-1024-b02), built by "builder" with MS VC++ 10.0 (VS2010)

time: Sun Feb 18 17:02:55 2018
elapsed time: 2752 seconds (0d 0h 45m 52s)

